This file contains any messages produced by compilers while
running configure, to aid debugging if configure makes a mistake.

It was created by spatialindex configure 1.8.0, which was
generated by GNU Autoconf 2.69.  Invocation command line was

  $ ./configure --prefix /Users/soule/workspace/graphdb/code/ext

## --------- ##
## Platform. ##
## --------- ##

hostname = roberts-mbp.usilu.net
uname -m = x86_64
uname -r = 13.1.0
uname -s = Darwin
uname -v = Darwin Kernel Version 13.1.0: Thu Jan 16 19:40:37 PST 2014; root:xnu-2422.90.20~2/RELEASE_X86_64

/usr/bin/uname -p = i386
/bin/uname -X     = unknown

/bin/arch              = unknown
/usr/bin/arch -k       = unknown
/usr/convex/getsysinfo = unknown
/usr/bin/hostinfo      = Mach kernel version:
	 Darwin Kernel Version 13.1.0: Thu Jan 16 19:40:37 PST 2014; root:xnu-2422.90.20~2/RELEASE_X86_64
Kernel configured for up to 8 processors.
4 processors are physically available.
8 processors are logically available.
Processor type: i486 (Intel 80486)
Processors active: 0 1 2 3 4 5 6 7
Primary memory available: 16.00 gigabytes
Default processor set: 185 tasks, 737 threads, 8 processors
Load average: 1.02, Mach factor: 6.97
/bin/machine           = unknown
/usr/bin/oslevel       = unknown
/bin/universe          = unknown

PATH: /Users/soule/.opam/4.01.0/bin
PATH: /Users/soule/.opam/4.01.0/bin
PATH: /usr/local/bin
PATH: /opt/subversion/bin
PATH: /usr/bin
PATH: /bin
PATH: /usr/sbin
PATH: /sbin
PATH: /usr/local/bin
PATH: /opt/X11/bin
PATH: /usr/texbin
PATH: /usr/local/bin
PATH: /usr/texbin
PATH: .
PATH: /Users/soule/bin
PATH: /usr/texbin
PATH: /bin
PATH: /usr/local/smlnj-110.60/bin
PATH: /Users/soule/hadoop/bin
PATH: /bin
PATH: /Users/soule/workspace/jif/bin
PATH: /Users/soule/workspace/fabric/bin
PATH: /usr/local/apache-maven/apache-maven-3.0.4/bin.
PATH: /usr/local/mysql/bin
PATH: /usr/local/ec2-api-tools-1.6.5.3/bin


## ----------- ##
## Core tests. ##
## ----------- ##

configure:2370: checking build system type
configure:2384: result: x86_64-apple-darwin13.1.0
configure:2523: checking for C++ compiler version
configure:2532: clang++ --version >&5
Apple LLVM version 5.0 (clang-500.2.79) (based on LLVM 3.3svn)
Target: x86_64-apple-darwin13.1.0
Thread model: posix
configure:2543: $? = 0
configure:2532: clang++ -v >&5
Apple LLVM version 5.0 (clang-500.2.79) (based on LLVM 3.3svn)
Target: x86_64-apple-darwin13.1.0
Thread model: posix
configure:2543: $? = 0
configure:2532: clang++ -V >&5
clang: error: argument to '-V' is missing (expected 1 value)
clang: error: no input files
configure:2543: $? = 1
configure:2532: clang++ -qversion >&5
clang: error: no input files
configure:2543: $? = 1
configure:2563: checking whether the C++ compiler works
configure:2585: clang++ -Wall -Wno-long-long -pedantic -std=c++98    conftest.cpp  >&5
configure:2589: $? = 0
configure:2637: result: yes
configure:2640: checking for C++ compiler default output file name
configure:2642: result: a.out
configure:2648: checking for suffix of executables
configure:2655: clang++ -o conftest -Wall -Wno-long-long -pedantic -std=c++98    conftest.cpp  >&5
configure:2659: $? = 0
configure:2681: result: 
configure:2703: checking whether we are cross compiling
configure:2711: clang++ -o conftest -Wall -Wno-long-long -pedantic -std=c++98    conftest.cpp  >&5
configure:2715: $? = 0
configure:2722: ./conftest
configure:2726: $? = 0
configure:2741: result: no
configure:2746: checking for suffix of object files
configure:2768: clang++ -c -Wall -Wno-long-long -pedantic -std=c++98   conftest.cpp >&5
configure:2772: $? = 0
configure:2793: result: o
configure:2797: checking whether we are using the GNU C++ compiler
configure:2816: clang++ -c -Wall -Wno-long-long -pedantic -std=c++98   conftest.cpp >&5
configure:2816: $? = 0
configure:2825: result: yes
configure:2834: checking whether clang++ accepts -g
configure:2854: clang++ -c -g  conftest.cpp >&5
configure:2854: $? = 0
configure:2895: result: yes
configure:2923: checking how to run the C++ preprocessor
configure:2950: clang++ -E  conftest.cpp
configure:2950: $? = 0
configure:2964: clang++ -E  conftest.cpp
conftest.cpp:9:10: fatal error: 'ac_nonexistent.h' file not found
#include <ac_nonexistent.h>
         ^
1 error generated.
configure:2964: $? = 1
configure: failed program was:
| /* confdefs.h */
| #define PACKAGE_NAME "spatialindex"
| #define PACKAGE_TARNAME "spatialindex-src"
| #define PACKAGE_VERSION "1.8.0"
| #define PACKAGE_STRING "spatialindex 1.8.0"
| #define PACKAGE_BUGREPORT "mhadji@gmail.com"
| #define PACKAGE_URL ""
| /* end confdefs.h.  */
| #include <ac_nonexistent.h>
configure:2989: result: clang++ -E
configure:3009: clang++ -E  conftest.cpp
configure:3009: $? = 0
configure:3023: clang++ -E  conftest.cpp
conftest.cpp:9:10: fatal error: 'ac_nonexistent.h' file not found
#include <ac_nonexistent.h>
         ^
1 error generated.
configure:3023: $? = 1
configure: failed program was:
| /* confdefs.h */
| #define PACKAGE_NAME "spatialindex"
| #define PACKAGE_TARNAME "spatialindex-src"
| #define PACKAGE_VERSION "1.8.0"
| #define PACKAGE_STRING "spatialindex 1.8.0"
| #define PACKAGE_BUGREPORT "mhadji@gmail.com"
| #define PACKAGE_URL ""
| /* end confdefs.h.  */
| #include <ac_nonexistent.h>
configure:3065: checking for a BSD-compatible install
configure:3133: result: /usr/bin/install -c
configure:3144: checking whether ln -s works
configure:3148: result: yes
configure:3155: checking whether make sets $(MAKE)
configure:3177: result: yes
configure:3211: checking host system type
configure:3224: result: x86_64-apple-darwin13.1.0
configure:3265: checking how to print strings
configure:3292: result: printf
configure:3361: checking for gcc
configure:3388: result: clang
configure:3617: checking for C compiler version
configure:3626: clang --version >&5
Apple LLVM version 5.0 (clang-500.2.79) (based on LLVM 3.3svn)
Target: x86_64-apple-darwin13.1.0
Thread model: posix
configure:3637: $? = 0
configure:3626: clang -v >&5
Apple LLVM version 5.0 (clang-500.2.79) (based on LLVM 3.3svn)
Target: x86_64-apple-darwin13.1.0
Thread model: posix
configure:3637: $? = 0
configure:3626: clang -V >&5
clang: error: argument to '-V' is missing (expected 1 value)
clang: error: no input files
configure:3637: $? = 1
configure:3626: clang -qversion >&5
clang: error: no input files
configure:3637: $? = 1
configure:3641: checking whether we are using the GNU C compiler
configure:3660: clang -c -Wall -Wno-long-long -pedantic   conftest.c >&5
configure:3660: $? = 0
configure:3669: result: yes
configure:3678: checking whether clang accepts -g
configure:3698: clang -c -g  conftest.c >&5
configure:3698: $? = 0
configure:3739: result: yes
configure:3756: checking for clang option to accept ISO C89
configure:3819: clang  -c -Wall -Wno-long-long -pedantic   conftest.c >&5
configure:3819: $? = 0
configure:3832: result: none needed
configure:3852: checking for a sed that does not truncate output
configure:3916: result: /usr/bin/sed
configure:3934: checking for grep that handles long lines and -e
configure:3992: result: /usr/bin/grep
configure:3997: checking for egrep
configure:4059: result: /usr/bin/grep -E
configure:4064: checking for fgrep
configure:4126: result: /usr/bin/grep -F
configure:4161: checking for ld used by clang
configure:4228: result: /Applications/Xcode.app/Contents/Developer/Toolchains/XcodeDefault.xctoolchain/usr/bin/ld
configure:4235: checking if the linker (/Applications/Xcode.app/Contents/Developer/Toolchains/XcodeDefault.xctoolchain/usr/bin/ld) is GNU ld
configure:4250: result: no
configure:4262: checking for BSD- or MS-compatible name lister (nm)
configure:4311: result: /usr/bin/nm
configure:4441: checking the name lister (/usr/bin/nm) interface
configure:4448: clang -c -Wall -Wno-long-long -pedantic   conftest.c >&5
configure:4451: /usr/bin/nm "conftest.o"
configure:4454: output
0000000000000000 S _some_variable
configure:4461: result: BSD nm
configure:4465: checking the maximum length of command line arguments
configure:4595: result: 196608
configure:4612: checking whether the shell understands some XSI constructs
configure:4622: result: yes
configure:4626: checking whether the shell understands "+="
configure:4632: result: yes
configure:4667: checking how to convert x86_64-apple-darwin13.1.0 file names to x86_64-apple-darwin13.1.0 format
configure:4707: result: func_convert_file_noop
configure:4714: checking how to convert x86_64-apple-darwin13.1.0 file names to toolchain format
configure:4734: result: func_convert_file_noop
configure:4741: checking for /Applications/Xcode.app/Contents/Developer/Toolchains/XcodeDefault.xctoolchain/usr/bin/ld option to reload object files
configure:4748: result: -r
configure:4822: checking for objdump
configure:4852: result: no
configure:4881: checking how to recognize dependent libraries
configure:5083: result: pass_all
configure:5168: checking for dlltool
configure:5198: result: no
configure:5228: checking how to associate runtime and link libraries
configure:5255: result: printf %s\n
configure:5316: checking for ar
configure:5332: found /usr/bin/ar
configure:5343: result: ar
configure:5380: checking for archiver @FILE support
configure:5397: clang -c -Wall -Wno-long-long -pedantic   conftest.c >&5
configure:5397: $? = 0
configure:5400: ar cru libconftest.a @conftest.lst >&5
ar: @conftest.lst: No such file or directory
configure:5403: $? = 1
configure:5423: result: no
configure:5481: checking for strip
configure:5497: found /usr/bin/strip
configure:5508: result: strip
configure:5580: checking for ranlib
configure:5596: found /usr/bin/ranlib
configure:5607: result: ranlib
configure:5684: checking for gawk
configure:5714: result: no
configure:5684: checking for mawk
configure:5714: result: no
configure:5684: checking for nawk
configure:5714: result: no
configure:5684: checking for awk
configure:5700: found /usr/bin/awk
configure:5711: result: awk
configure:5751: checking command to parse /usr/bin/nm output from clang object
configure:5871: clang -c -Wall -Wno-long-long -pedantic   conftest.c >&5
configure:5874: $? = 0
configure:5878: /usr/bin/nm conftest.o \| sed -n -e 's/^.*[ ]\([BCDEGRST][BCDEGRST]*\)[ ][ ]*\([_A-Za-z][_A-Za-z0-9]*\)$/\1 \2 \2/p' | sed '/ __gnu_lto/d' \> conftest.nm
configure:5881: $? = 0
cannot find nm_test_var in conftest.nm
configure:5871: clang -c -Wall -Wno-long-long -pedantic   conftest.c >&5
configure:5874: $? = 0
configure:5878: /usr/bin/nm conftest.o \| sed -n -e 's/^.*[ ]\([BCDEGRST][BCDEGRST]*\)[ ][ ]*_\([_A-Za-z][_A-Za-z0-9]*\)$/\1 _\2 \2/p' | sed '/ __gnu_lto/d' \> conftest.nm
configure:5881: $? = 0
configure:5947: clang -o conftest -Wall -Wno-long-long -pedantic    conftest.c conftstm.o >&5
configure:5950: $? = 0
configure:5988: result: ok
configure:6025: checking for sysroot
configure:6055: result: no
configure:6311: checking for mt
configure:6341: result: no
configure:6361: checking if : is a manifest tool
configure:6367: : '-?'
configure:6375: result: no
configure:6431: checking for dsymutil
configure:6447: found /usr/bin/dsymutil
configure:6458: result: dsymutil
configure:6523: checking for nmedit
configure:6539: found /usr/bin/nmedit
configure:6550: result: nmedit
configure:6615: checking for lipo
configure:6631: found /usr/bin/lipo
configure:6642: result: lipo
configure:6707: checking for otool
configure:6723: found /usr/bin/otool
configure:6734: result: otool
configure:6799: checking for otool64
configure:6829: result: no
configure:6874: checking for -single_module linker flag
clang -Wall -Wno-long-long -pedantic   -o libconftest.dylib -dynamiclib -Wl,-single_module conftest.c
configure:6907: result: yes
configure:6910: checking for -exported_symbols_list linker flag
configure:6930: clang -o conftest -Wall -Wno-long-long -pedantic    -Wl,-exported_symbols_list,conftest.sym conftest.c  >&5
configure:6930: $? = 0
configure:6940: result: yes
configure:6943: checking for -force_load linker flag
clang -Wall -Wno-long-long -pedantic  -c -o conftest.o conftest.c
ar cru libconftest.a conftest.o
ranlib libconftest.a
clang -Wall -Wno-long-long -pedantic   -o conftest conftest.c -Wl,-force_load,./libconftest.a
configure:6975: result: yes
configure:7017: checking how to run the C preprocessor
configure:7048: clang -E  conftest.c
configure:7048: $? = 0
configure:7062: clang -E  conftest.c
conftest.c:9:10: fatal error: 'ac_nonexistent.h' file not found
#include <ac_nonexistent.h>
         ^
1 error generated.
configure:7062: $? = 1
configure: failed program was:
| /* confdefs.h */
| #define PACKAGE_NAME "spatialindex"
| #define PACKAGE_TARNAME "spatialindex-src"
| #define PACKAGE_VERSION "1.8.0"
| #define PACKAGE_STRING "spatialindex 1.8.0"
| #define PACKAGE_BUGREPORT "mhadji@gmail.com"
| #define PACKAGE_URL ""
| /* end confdefs.h.  */
| #include <ac_nonexistent.h>
configure:7087: result: clang -E
configure:7107: clang -E  conftest.c
configure:7107: $? = 0
configure:7121: clang -E  conftest.c
conftest.c:9:10: fatal error: 'ac_nonexistent.h' file not found
#include <ac_nonexistent.h>
         ^
1 error generated.
configure:7121: $? = 1
configure: failed program was:
| /* confdefs.h */
| #define PACKAGE_NAME "spatialindex"
| #define PACKAGE_TARNAME "spatialindex-src"
| #define PACKAGE_VERSION "1.8.0"
| #define PACKAGE_STRING "spatialindex 1.8.0"
| #define PACKAGE_BUGREPORT "mhadji@gmail.com"
| #define PACKAGE_URL ""
| /* end confdefs.h.  */
| #include <ac_nonexistent.h>
configure:7150: checking for ANSI C header files
configure:7170: clang -c -Wall -Wno-long-long -pedantic   conftest.c >&5
configure:7170: $? = 0
configure:7243: clang -o conftest -Wall -Wno-long-long -pedantic    conftest.c  >&5
configure:7243: $? = 0
configure:7243: ./conftest
configure:7243: $? = 0
configure:7254: result: yes
configure:7267: checking for sys/types.h
configure:7267: clang -c -Wall -Wno-long-long -pedantic   conftest.c >&5
configure:7267: $? = 0
configure:7267: result: yes
configure:7267: checking for sys/stat.h
configure:7267: clang -c -Wall -Wno-long-long -pedantic   conftest.c >&5
configure:7267: $? = 0
configure:7267: result: yes
configure:7267: checking for stdlib.h
configure:7267: clang -c -Wall -Wno-long-long -pedantic   conftest.c >&5
configure:7267: $? = 0
configure:7267: result: yes
configure:7267: checking for string.h
configure:7267: clang -c -Wall -Wno-long-long -pedantic   conftest.c >&5
configure:7267: $? = 0
configure:7267: result: yes
configure:7267: checking for memory.h
configure:7267: clang -c -Wall -Wno-long-long -pedantic   conftest.c >&5
configure:7267: $? = 0
configure:7267: result: yes
configure:7267: checking for strings.h
configure:7267: clang -c -Wall -Wno-long-long -pedantic   conftest.c >&5
configure:7267: $? = 0
configure:7267: result: yes
configure:7267: checking for inttypes.h
configure:7267: clang -c -Wall -Wno-long-long -pedantic   conftest.c >&5
configure:7267: $? = 0
configure:7267: result: yes
configure:7267: checking for stdint.h
configure:7267: clang -c -Wall -Wno-long-long -pedantic   conftest.c >&5
configure:7267: $? = 0
configure:7267: result: yes
configure:7267: checking for unistd.h
configure:7267: clang -c -Wall -Wno-long-long -pedantic   conftest.c >&5
configure:7267: $? = 0
configure:7267: result: yes
configure:7281: checking for dlfcn.h
configure:7281: clang -c -Wall -Wno-long-long -pedantic   conftest.c >&5
configure:7281: $? = 0
configure:7281: result: yes
configure:7498: checking for objdir
configure:7513: result: .libs
configure:7780: checking if clang supports -fno-rtti -fno-exceptions
configure:7798: clang -c -Wall -Wno-long-long -pedantic   -fno-rtti -fno-exceptions conftest.c >&5
configure:7802: $? = 0
configure:7815: result: yes
configure:8142: checking for clang option to produce PIC
configure:8149: result: -fno-common -DPIC
configure:8157: checking if clang PIC flag -fno-common -DPIC works
configure:8175: clang -c -Wall -Wno-long-long -pedantic   -fno-common -DPIC -DPIC conftest.c >&5
configure:8179: $? = 0
configure:8192: result: yes
configure:8221: checking if clang static flag -static works
configure:8249: result: no
configure:8264: checking if clang supports -c -o file.o
configure:8285: clang -c -Wall -Wno-long-long -pedantic   -o out/conftest2.o conftest.c >&5
configure:8289: $? = 0
configure:8311: result: yes
configure:8319: checking if clang supports -c -o file.o
configure:8366: result: yes
configure:8399: checking whether the clang linker (/Applications/Xcode.app/Contents/Developer/Toolchains/XcodeDefault.xctoolchain/usr/bin/ld) supports shared libraries
configure:9552: result: yes
configure:9792: checking dynamic linker characteristics
configure:10525: result: darwin13.1.0 dyld
configure:10632: checking how to hardcode library paths into programs
configure:10657: result: immediate
configure:11197: checking whether stripping libraries is possible
configure:11211: result: yes
configure:11237: checking if libtool supports shared libraries
configure:11239: result: yes
configure:11242: checking whether to build shared libraries
configure:11263: result: yes
configure:11266: checking whether to build static libraries
configure:11270: result: yes
configure:11293: checking how to run the C++ preprocessor
configure:11359: result: clang++ -E
configure:11379: clang++ -E  conftest.cpp
configure:11379: $? = 0
configure:11393: clang++ -E  conftest.cpp
conftest.cpp:21:10: fatal error: 'ac_nonexistent.h' file not found
#include <ac_nonexistent.h>
         ^
1 error generated.
configure:11393: $? = 1
configure: failed program was:
| /* confdefs.h */
| #define PACKAGE_NAME "spatialindex"
| #define PACKAGE_TARNAME "spatialindex-src"
| #define PACKAGE_VERSION "1.8.0"
| #define PACKAGE_STRING "spatialindex 1.8.0"
| #define PACKAGE_BUGREPORT "mhadji@gmail.com"
| #define PACKAGE_URL ""
| #define STDC_HEADERS 1
| #define HAVE_SYS_TYPES_H 1
| #define HAVE_SYS_STAT_H 1
| #define HAVE_STDLIB_H 1
| #define HAVE_STRING_H 1
| #define HAVE_MEMORY_H 1
| #define HAVE_STRINGS_H 1
| #define HAVE_INTTYPES_H 1
| #define HAVE_STDINT_H 1
| #define HAVE_UNISTD_H 1
| #define HAVE_DLFCN_H 1
| #define LT_OBJDIR ".libs/"
| /* end confdefs.h.  */
| #include <ac_nonexistent.h>
configure:11562: checking for ld used by clang++
configure:11629: result: /Applications/Xcode.app/Contents/Developer/Toolchains/XcodeDefault.xctoolchain/usr/bin/ld
configure:11636: checking if the linker (/Applications/Xcode.app/Contents/Developer/Toolchains/XcodeDefault.xctoolchain/usr/bin/ld) is GNU ld
configure:11651: result: no
configure:11706: checking whether the clang++ linker (/Applications/Xcode.app/Contents/Developer/Toolchains/XcodeDefault.xctoolchain/usr/bin/ld) supports shared libraries
configure:12711: result: yes
configure:12747: clang++ -c -Wall -Wno-long-long -pedantic -std=c++98   conftest.cpp >&5
configure:12750: $? = 0
configure:13270: checking for clang++ option to produce PIC
configure:13277: result: -fno-common -DPIC
configure:13285: checking if clang++ PIC flag -fno-common -DPIC works
configure:13303: clang++ -c -Wall -Wno-long-long -pedantic -std=c++98   -fno-common -DPIC -DPIC conftest.cpp >&5
configure:13307: $? = 0
configure:13320: result: yes
configure:13343: checking if clang++ static flag -static works
configure:13371: result: no
configure:13383: checking if clang++ supports -c -o file.o
configure:13404: clang++ -c -Wall -Wno-long-long -pedantic -std=c++98   -o out/conftest2.o conftest.cpp >&5
configure:13408: $? = 0
configure:13430: result: yes
configure:13435: checking if clang++ supports -c -o file.o
configure:13482: result: yes
configure:13512: checking whether the clang++ linker (/Applications/Xcode.app/Contents/Developer/Toolchains/XcodeDefault.xctoolchain/usr/bin/ld) supports shared libraries
configure:13548: result: yes
configure:13689: checking dynamic linker characteristics
configure:14356: result: darwin13.1.0 dyld
configure:14409: checking how to hardcode library paths into programs
configure:14434: result: immediate
configure:14497: checking whether build environment is sane
configure:14552: result: yes
configure:14703: checking for a thread-safe mkdir -p
configure:14742: result: ./install-sh -c -d
configure:14766: checking for style of include used by make
configure:14794: result: GNU
configure:14886: checking dependency style of clang
configure:14997: result: gcc3
configure:15014: checking dependency style of clang++
configure:15125: result: gcc3
configure:15145: checking fcntl.h usability
configure:15145: clang -c -Wall -Wno-long-long -pedantic   conftest.c >&5
configure:15145: $? = 0
configure:15145: result: yes
configure:15145: checking fcntl.h presence
configure:15145: clang -E  conftest.c
configure:15145: $? = 0
configure:15145: result: yes
configure:15145: checking for fcntl.h
configure:15145: result: yes
configure:15159: checking for unistd.h
configure:15159: result: yes
configure:15173: checking for sys/types.h
configure:15173: result: yes
configure:15187: checking for sys/stat.h
configure:15187: result: yes
configure:15202: checking pthread.h usability
configure:15202: clang -c -Wall -Wno-long-long -pedantic   conftest.c >&5
configure:15202: $? = 0
configure:15202: result: yes
configure:15202: checking pthread.h presence
configure:15202: clang -E  conftest.c
configure:15202: $? = 0
configure:15202: result: yes
configure:15202: checking for pthread.h
configure:15202: result: yes
configure:15218: checking sys/resource.h usability
configure:15218: clang -c -Wall -Wno-long-long -pedantic   conftest.c >&5
configure:15218: $? = 0
configure:15218: result: yes
configure:15218: checking sys/resource.h presence
configure:15218: clang -E  conftest.c
configure:15218: $? = 0
configure:15218: result: yes
configure:15218: checking for sys/resource.h
configure:15218: result: yes
configure:15232: checking sys/time.h usability
configure:15232: clang -c -Wall -Wno-long-long -pedantic   conftest.c >&5
configure:15232: $? = 0
configure:15232: result: yes
configure:15232: checking sys/time.h presence
configure:15232: clang -E  conftest.c
configure:15232: $? = 0
configure:15232: result: yes
configure:15232: checking for sys/time.h
configure:15232: result: yes
configure:15246: checking for stdint.h
configure:15246: result: yes
configure:15260: checking features.h usability
configure:15260: clang -c -Wall -Wno-long-long -pedantic   conftest.c >&5
conftest.c:64:10: fatal error: 'features.h' file not found
#include <features.h>
         ^
1 error generated.
configure:15260: $? = 1
configure: failed program was:
| /* confdefs.h */
| #define PACKAGE_NAME "spatialindex"
| #define PACKAGE_TARNAME "spatialindex-src"
| #define PACKAGE_VERSION "1.8.0"
| #define PACKAGE_STRING "spatialindex 1.8.0"
| #define PACKAGE_BUGREPORT "mhadji@gmail.com"
| #define PACKAGE_URL ""
| #define STDC_HEADERS 1
| #define HAVE_SYS_TYPES_H 1
| #define HAVE_SYS_STAT_H 1
| #define HAVE_STDLIB_H 1
| #define HAVE_STRING_H 1
| #define HAVE_MEMORY_H 1
| #define HAVE_STRINGS_H 1
| #define HAVE_INTTYPES_H 1
| #define HAVE_STDINT_H 1
| #define HAVE_UNISTD_H 1
| #define HAVE_DLFCN_H 1
| #define LT_OBJDIR ".libs/"
| #define PACKAGE "spatialindex-src"
| #define VERSION "1.8.0"
| #define HAVE_FCNTL_H 1
| #define HAVE_UNISTD_H 1
| #define HAVE_SYS_TYPES_H 1
| #define HAVE_SYS_STAT_H 1
| #define HAVE_PTHREAD_H 1
| #define HAVE_SYS_RESOURCE_H 1
| #define HAVE_SYS_TIME_H 1
| #define HAVE_STDINT_H 1
| /* end confdefs.h.  */
| #include <stdio.h>
| #ifdef HAVE_SYS_TYPES_H
| # include <sys/types.h>
| #endif
| #ifdef HAVE_SYS_STAT_H
| # include <sys/stat.h>
| #endif
| #ifdef STDC_HEADERS
| # include <stdlib.h>
| # include <stddef.h>
| #else
| # ifdef HAVE_STDLIB_H
| #  include <stdlib.h>
| # endif
| #endif
| #ifdef HAVE_STRING_H
| # if !defined STDC_HEADERS && defined HAVE_MEMORY_H
| #  include <memory.h>
| # endif
| # include <string.h>
| #endif
| #ifdef HAVE_STRINGS_H
| # include <strings.h>
| #endif
| #ifdef HAVE_INTTYPES_H
| # include <inttypes.h>
| #endif
| #ifdef HAVE_STDINT_H
| # include <stdint.h>
| #endif
| #ifdef HAVE_UNISTD_H
| # include <unistd.h>
| #endif
| #include <features.h>
configure:15260: result: no
configure:15260: checking features.h presence
configure:15260: clang -E  conftest.c
conftest.c:31:10: fatal error: 'features.h' file not found
#include <features.h>
         ^
1 error generated.
configure:15260: $? = 1
configure: failed program was:
| /* confdefs.h */
| #define PACKAGE_NAME "spatialindex"
| #define PACKAGE_TARNAME "spatialindex-src"
| #define PACKAGE_VERSION "1.8.0"
| #define PACKAGE_STRING "spatialindex 1.8.0"
| #define PACKAGE_BUGREPORT "mhadji@gmail.com"
| #define PACKAGE_URL ""
| #define STDC_HEADERS 1
| #define HAVE_SYS_TYPES_H 1
| #define HAVE_SYS_STAT_H 1
| #define HAVE_STDLIB_H 1
| #define HAVE_STRING_H 1
| #define HAVE_MEMORY_H 1
| #define HAVE_STRINGS_H 1
| #define HAVE_INTTYPES_H 1
| #define HAVE_STDINT_H 1
| #define HAVE_UNISTD_H 1
| #define HAVE_DLFCN_H 1
| #define LT_OBJDIR ".libs/"
| #define PACKAGE "spatialindex-src"
| #define VERSION "1.8.0"
| #define HAVE_FCNTL_H 1
| #define HAVE_UNISTD_H 1
| #define HAVE_SYS_TYPES_H 1
| #define HAVE_SYS_STAT_H 1
| #define HAVE_PTHREAD_H 1
| #define HAVE_SYS_RESOURCE_H 1
| #define HAVE_SYS_TIME_H 1
| #define HAVE_STDINT_H 1
| /* end confdefs.h.  */
| #include <features.h>
configure:15260: result: no
configure:15260: checking for features.h
configure:15260: result: no
configure:15289: result: checking wether debug information is enabled... no
configure:15297: checking for gettimeofday
configure:15297: clang -o conftest -Wall -Wno-long-long -pedantic    conftest.c  -lpthread >&5
configure:15297: $? = 0
configure:15297: result: yes
configure:15297: checking for memset
configure:15297: clang -o conftest -Wall -Wno-long-long -pedantic    conftest.c  -lpthread >&5
conftest.c:55:6: warning: incompatible redeclaration of library function 'memset' [-Wincompatible-library-redeclaration]
char memset ();
     ^
conftest.c:55:6: note: 'memset' is a builtin with type 'void *(void *, int, unsigned long)'
1 warning generated.
configure:15297: $? = 0
configure:15297: result: yes
configure:15297: checking for memcpy
configure:15297: clang -o conftest -Wall -Wno-long-long -pedantic    conftest.c  -lpthread >&5
conftest.c:56:6: warning: incompatible redeclaration of library function 'memcpy' [-Wincompatible-library-redeclaration]
char memcpy ();
     ^
conftest.c:56:6: note: 'memcpy' is a builtin with type 'void *(void *, const void *, unsigned long)'
1 warning generated.
configure:15297: $? = 0
configure:15297: result: yes
configure:15297: checking for bcopy
configure:15297: clang -o conftest -Wall -Wno-long-long -pedantic    conftest.c  -lpthread >&5
configure:15297: $? = 0
configure:15297: result: yes
configure:15297: checking for srand48
configure:15297: clang -o conftest -Wall -Wno-long-long -pedantic    conftest.c  -lpthread >&5
configure:15297: $? = 0
configure:15297: result: yes
configure:15464: checking that generated files are newer than configure
configure:15470: result: done
configure:15501: creating ./config.status

## ---------------------- ##
## Running config.status. ##
## ---------------------- ##

This file was extended by spatialindex config.status 1.8.0, which was
generated by GNU Autoconf 2.69.  Invocation command line was

  CONFIG_FILES    = 
  CONFIG_HEADERS  = 
  CONFIG_LINKS    = 
  CONFIG_COMMANDS = 
  $ ./config.status 

on roberts-mbp.usilu.net

config.status:1076: creating Makefile
config.status:1076: creating include/Makefile
config.status:1076: creating src/Makefile
config.status:1076: creating src/libspatialindex.pc
config.status:1076: creating src/capi/Makefile
config.status:1076: creating src/spatialindex/Makefile
config.status:1076: creating src/storagemanager/Makefile
config.status:1076: creating src/rtree/Makefile
config.status:1076: creating src/mvrtree/Makefile
config.status:1076: creating src/tprtree/Makefile
config.status:1076: creating src/tools/Makefile
config.status:1076: creating test/Makefile
config.status:1076: creating test/rtree/Makefile
config.status:1076: creating test/mvrtree/Makefile
config.status:1076: creating test/tprtree/Makefile
config.status:1248: executing libtool commands
config.status:1248: executing depfiles commands

## ---------------- ##
## Cache variables. ##
## ---------------- ##

ac_cv_build=x86_64-apple-darwin13.1.0
ac_cv_c_compiler_gnu=yes
ac_cv_cxx_compiler_gnu=yes
ac_cv_env_CCC_set=
ac_cv_env_CCC_value=
ac_cv_env_CC_set=set
ac_cv_env_CC_value=clang
ac_cv_env_CFLAGS_set=
ac_cv_env_CFLAGS_value=
ac_cv_env_CPPFLAGS_set=
ac_cv_env_CPPFLAGS_value=
ac_cv_env_CPP_set=
ac_cv_env_CPP_value=
ac_cv_env_CXXCPP_set=
ac_cv_env_CXXCPP_value=
ac_cv_env_CXXFLAGS_set=
ac_cv_env_CXXFLAGS_value=
ac_cv_env_CXX_set=set
ac_cv_env_CXX_value=clang++
ac_cv_env_LDFLAGS_set=
ac_cv_env_LDFLAGS_value=
ac_cv_env_LIBS_set=
ac_cv_env_LIBS_value=
ac_cv_env_build_alias_set=
ac_cv_env_build_alias_value=
ac_cv_env_host_alias_set=
ac_cv_env_host_alias_value=
ac_cv_env_target_alias_set=
ac_cv_env_target_alias_value=
ac_cv_func_bcopy=yes
ac_cv_func_gettimeofday=yes
ac_cv_func_memcpy=yes
ac_cv_func_memset=yes
ac_cv_func_srand48=yes
ac_cv_header_dlfcn_h=yes
ac_cv_header_fcntl_h=yes
ac_cv_header_features_h=no
ac_cv_header_inttypes_h=yes
ac_cv_header_memory_h=yes
ac_cv_header_pthread_h=yes
ac_cv_header_stdc=yes
ac_cv_header_stdint_h=yes
ac_cv_header_stdlib_h=yes
ac_cv_header_string_h=yes
ac_cv_header_strings_h=yes
ac_cv_header_sys_resource_h=yes
ac_cv_header_sys_stat_h=yes
ac_cv_header_sys_time_h=yes
ac_cv_header_sys_types_h=yes
ac_cv_header_unistd_h=yes
ac_cv_host=x86_64-apple-darwin13.1.0
ac_cv_objext=o
ac_cv_path_EGREP='/usr/bin/grep -E'
ac_cv_path_FGREP='/usr/bin/grep -F'
ac_cv_path_GREP=/usr/bin/grep
ac_cv_path_SED=/usr/bin/sed
ac_cv_path_install='/usr/bin/install -c'
ac_cv_prog_AWK=awk
ac_cv_prog_CPP='clang -E'
ac_cv_prog_CXXCPP='clang++ -E'
ac_cv_prog_ac_ct_AR=ar
ac_cv_prog_ac_ct_CC=clang
ac_cv_prog_ac_ct_DSYMUTIL=dsymutil
ac_cv_prog_ac_ct_LIPO=lipo
ac_cv_prog_ac_ct_NMEDIT=nmedit
ac_cv_prog_ac_ct_OTOOL=otool
ac_cv_prog_ac_ct_RANLIB=ranlib
ac_cv_prog_ac_ct_STRIP=strip
ac_cv_prog_cc_c89=
ac_cv_prog_cc_g=yes
ac_cv_prog_cxx_g=yes
ac_cv_prog_make_make_set=yes
am_cv_CC_dependencies_compiler_type=gcc3
am_cv_CXX_dependencies_compiler_type=gcc3
lt_cv_apple_cc_single_mod=yes
lt_cv_ar_at_file=no
lt_cv_deplibs_check_method=pass_all
lt_cv_file_magic_cmd='$MAGIC_CMD'
lt_cv_file_magic_test_file=
lt_cv_ld_exported_symbols_list=yes
lt_cv_ld_force_load=yes
lt_cv_ld_reload_flag=-r
lt_cv_nm_interface='BSD nm'
lt_cv_objdir=.libs
lt_cv_path_LD=/Applications/Xcode.app/Contents/Developer/Toolchains/XcodeDefault.xctoolchain/usr/bin/ld
lt_cv_path_LDCXX=/Applications/Xcode.app/Contents/Developer/Toolchains/XcodeDefault.xctoolchain/usr/bin/ld
lt_cv_path_NM=/usr/bin/nm
lt_cv_path_mainfest_tool=no
lt_cv_prog_compiler_c_o=yes
lt_cv_prog_compiler_c_o_CXX=yes
lt_cv_prog_compiler_pic='-fno-common -DPIC'
lt_cv_prog_compiler_pic_CXX='-fno-common -DPIC'
lt_cv_prog_compiler_pic_works=yes
lt_cv_prog_compiler_pic_works_CXX=yes
lt_cv_prog_compiler_rtti_exceptions=yes
lt_cv_prog_compiler_static_works=no
lt_cv_prog_compiler_static_works_CXX=no
lt_cv_prog_gnu_ld=no
lt_cv_prog_gnu_ldcxx=no
lt_cv_sharedlib_from_linklib_cmd='printf %s\n'
lt_cv_sys_global_symbol_pipe='sed -n -e '\''s/^.*[	 ]\([BCDEGRST][BCDEGRST]*\)[	 ][	 ]*_\([_A-Za-z][_A-Za-z0-9]*\)$/\1 _\2 \2/p'\'' | sed '\''/ __gnu_lto/d'\'''
lt_cv_sys_global_symbol_to_c_name_address='sed -n -e '\''s/^: \([^ ]*\)[ ]*$/  {\"\1\", (void *) 0},/p'\'' -e '\''s/^[BCDEGRST]* \([^ ]*\) \([^ ]*\)$/  {"\2", (void *) \&\2},/p'\'''
lt_cv_sys_global_symbol_to_c_name_address_lib_prefix='sed -n -e '\''s/^: \([^ ]*\)[ ]*$/  {\"\1\", (void *) 0},/p'\'' -e '\''s/^[BCDEGRST]* \([^ ]*\) \(lib[^ ]*\)$/  {"\2", (void *) \&\2},/p'\'' -e '\''s/^[BCDEGRST]* \([^ ]*\) \([^ ]*\)$/  {"lib\2", (void *) \&\2},/p'\'''
lt_cv_sys_global_symbol_to_cdecl='sed -n -e '\''s/^T .* \(.*\)$/extern int \1();/p'\'' -e '\''s/^[BCDEGRST]* .* \(.*\)$/extern char \1;/p'\'''
lt_cv_sys_max_cmd_len=196608
lt_cv_to_host_file_cmd=func_convert_file_noop
lt_cv_to_tool_file_cmd=func_convert_file_noop

## ----------------- ##
## Output variables. ##
## ----------------- ##

ACLOCAL='${SHELL} /Users/soule/workspace/graphdb/code/ext/src/libspatialindex/missing --run aclocal-1.12'
AMDEPBACKSLASH='\'
AMDEP_FALSE='#'
AMDEP_TRUE=''
AMTAR='$${TAR-tar}'
AR='ar'
AUTOCONF='${SHELL} /Users/soule/workspace/graphdb/code/ext/src/libspatialindex/missing --run autoconf'
AUTOHEADER='${SHELL} /Users/soule/workspace/graphdb/code/ext/src/libspatialindex/missing --run autoheader'
AUTOMAKE='${SHELL} /Users/soule/workspace/graphdb/code/ext/src/libspatialindex/missing --run automake-1.12'
AWK='awk'
CC='clang'
CCDEPMODE='depmode=gcc3'
CFLAGS='-Wall -Wno-long-long -pedantic '
CPP='clang -E'
CPPFLAGS=''
CXX='clang++'
CXXCPP='clang++ -E'
CXXDEPMODE='depmode=gcc3'
CXXFLAGS='-Wall -Wno-long-long -pedantic -std=c++98  -O2 -DNDEBUG'
CYGPATH_W='echo'
DEFS='-DPACKAGE_NAME=\"spatialindex\" -DPACKAGE_TARNAME=\"spatialindex-src\" -DPACKAGE_VERSION=\"1.8.0\" -DPACKAGE_STRING=\"spatialindex\ 1.8.0\" -DPACKAGE_BUGREPORT=\"mhadji@gmail.com\" -DPACKAGE_URL=\"\" -DSTDC_HEADERS=1 -DHAVE_SYS_TYPES_H=1 -DHAVE_SYS_STAT_H=1 -DHAVE_STDLIB_H=1 -DHAVE_STRING_H=1 -DHAVE_MEMORY_H=1 -DHAVE_STRINGS_H=1 -DHAVE_INTTYPES_H=1 -DHAVE_STDINT_H=1 -DHAVE_UNISTD_H=1 -DHAVE_DLFCN_H=1 -DLT_OBJDIR=\".libs/\" -DPACKAGE=\"spatialindex-src\" -DVERSION=\"1.8.0\" -DHAVE_FCNTL_H=1 -DHAVE_UNISTD_H=1 -DHAVE_SYS_TYPES_H=1 -DHAVE_SYS_STAT_H=1 -DHAVE_PTHREAD_H=1 -DHAVE_SYS_RESOURCE_H=1 -DHAVE_SYS_TIME_H=1 -DHAVE_STDINT_H=1 -DHAVE_GETTIMEOFDAY=1 -DHAVE_MEMSET=1 -DHAVE_MEMCPY=1 -DHAVE_BCOPY=1 -DHAVE_SRAND48=1'
DEPDIR='.deps'
DLLTOOL='false'
DSYMUTIL='dsymutil'
DUMPBIN=''
ECHO_C='\c'
ECHO_N=''
ECHO_T=''
EGREP='/usr/bin/grep -E'
EXEEXT=''
FGREP='/usr/bin/grep -F'
GREP='/usr/bin/grep'
INSTALL_DATA='${INSTALL} -m 644'
INSTALL_PROGRAM='${INSTALL}'
INSTALL_SCRIPT='${INSTALL}'
INSTALL_STRIP_PROGRAM='$(install_sh) -c -s'
LD='/Applications/Xcode.app/Contents/Developer/Toolchains/XcodeDefault.xctoolchain/usr/bin/ld'
LDFLAGS=''
LIBOBJS=''
LIBS=' -lpthread'
LIBTOOL='$(SHELL) $(top_builddir)/libtool'
LIPO='lipo'
LN_S='ln -s'
LTLIBOBJS=''
MAKEINFO='${SHELL} /Users/soule/workspace/graphdb/code/ext/src/libspatialindex/missing --run makeinfo'
MANIFEST_TOOL=':'
MKDIR_P='./install-sh -c -d'
NM='/usr/bin/nm'
NMEDIT='nmedit'
OBJDUMP='false'
OBJEXT='o'
OTOOL64=':'
OTOOL='otool'
PACKAGE='spatialindex-src'
PACKAGE_BUGREPORT='mhadji@gmail.com'
PACKAGE_NAME='spatialindex'
PACKAGE_STRING='spatialindex 1.8.0'
PACKAGE_TARNAME='spatialindex-src'
PACKAGE_URL=''
PACKAGE_VERSION='1.8.0'
PATH_SEPARATOR=':'
RAND_IS_CONFIG_FALSE=''
RAND_IS_CONFIG_TRUE='#'
RANLIB='ranlib'
SED='/usr/bin/sed'
SET_MAKE=''
SHELL='/bin/sh'
STRIP='strip'
VERSION='1.8.0'
ac_ct_AR='ar'
ac_ct_CC='clang'
ac_ct_CXX=''
ac_ct_DUMPBIN=''
am__EXEEXT_FALSE=''
am__EXEEXT_TRUE='#'
am__fastdepCC_FALSE='#'
am__fastdepCC_TRUE=''
am__fastdepCXX_FALSE='#'
am__fastdepCXX_TRUE=''
am__include='include'
am__isrc=''
am__leading_dot='.'
am__nodep='_no'
am__quote=''
am__tar='$${TAR-tar} chof - "$$tardir"'
am__untar='$${TAR-tar} xf -'
bindir='${exec_prefix}/bin'
build='x86_64-apple-darwin13.1.0'
build_alias=''
build_cpu='x86_64'
build_os='darwin13.1.0'
build_vendor='apple'
datadir='${datarootdir}'
datarootdir='${prefix}/share'
docdir='${datarootdir}/doc/${PACKAGE_TARNAME}'
dvidir='${docdir}'
exec_prefix='${prefix}'
host='x86_64-apple-darwin13.1.0'
host_alias=''
host_cpu='x86_64'
host_os='darwin13.1.0'
host_vendor='apple'
htmldir='${docdir}'
includedir='${prefix}/include'
infodir='${datarootdir}/info'
install_sh='${SHELL} /Users/soule/workspace/graphdb/code/ext/src/libspatialindex/install-sh'
libdir='${exec_prefix}/lib'
libexecdir='${exec_prefix}/libexec'
localedir='${datarootdir}/locale'
localstatedir='${prefix}/var'
mandir='${datarootdir}/man'
mkdir_p='$(MKDIR_P)'
oldincludedir='/usr/include'
pdfdir='${docdir}'
prefix='/Users/soule/workspace/graphdb/code/ext'
program_transform_name='s,x,x,'
psdir='${docdir}'
sbindir='${exec_prefix}/sbin'
sharedstatedir='${prefix}/com'
sysconfdir='${prefix}/etc'
target_alias=''

## ----------- ##
## confdefs.h. ##
## ----------- ##

/* confdefs.h */
#define PACKAGE_NAME "spatialindex"
#define PACKAGE_TARNAME "spatialindex-src"
#define PACKAGE_VERSION "1.8.0"
#define PACKAGE_STRING "spatialindex 1.8.0"
#define PACKAGE_BUGREPORT "mhadji@gmail.com"
#define PACKAGE_URL ""
#define STDC_HEADERS 1
#define HAVE_SYS_TYPES_H 1
#define HAVE_SYS_STAT_H 1
#define HAVE_STDLIB_H 1
#define HAVE_STRING_H 1
#define HAVE_MEMORY_H 1
#define HAVE_STRINGS_H 1
#define HAVE_INTTYPES_H 1
#define HAVE_STDINT_H 1
#define HAVE_UNISTD_H 1
#define HAVE_DLFCN_H 1
#define LT_OBJDIR ".libs/"
#define PACKAGE "spatialindex-src"
#define VERSION "1.8.0"
#define HAVE_FCNTL_H 1
#define HAVE_UNISTD_H 1
#define HAVE_SYS_TYPES_H 1
#define HAVE_SYS_STAT_H 1
#define HAVE_PTHREAD_H 1
#define HAVE_SYS_RESOURCE_H 1
#define HAVE_SYS_TIME_H 1
#define HAVE_STDINT_H 1
#define HAVE_GETTIMEOFDAY 1
#define HAVE_MEMSET 1
#define HAVE_MEMCPY 1
#define HAVE_BCOPY 1
#define HAVE_SRAND48 1

configure: exit 0
